# JRE version: Java(TM) SE Runtime Environment (15.0.2+7) (build 15.0.2+7-27)
# Java VM: Java HotSpot(TM) 64-Bit Server VM (15.0.2+7-27, mixed mode, sharing, tiered, compressed oops, g1 gc, windows-amd64)
GC Precious Log:
 CPUs: 8 total, 8 available
 Memory: 7810M
 Large Page Support: Disabled
 NUMA Support: Disabled
 Compressed Oops: Enabled (Zero based)
 Heap Region Size: 32M
 Heap Min Capacity: 128M
 Heap Initial Capacity: 128M
 Heap Max Capacity: 2432M
 Pre-touch: Disabled
 Parallel Workers: 8
 Concurrent Workers: 2
 Concurrent Refinement Workers: 8
 Periodic GC: Disabled
Heap:
 garbage-first heap   total 917504K, used 343077K [0x0000000768000000, 0x0000000800000000)
  region size 32768K, 3 young (98304K), 1 survivors (32768K)
 Metaspace       used 52802K, capacity 53526K, committed 54528K, reserved 1097728K
  class space    used 5788K, capacity 5943K, committed 6144K, reserved 1048576K
GC Heap History (20 events):
Event: 245.607 GC heap before
{Heap before GC invocations=45 (full 0):
 garbage-first heap   total 917504K, used 408589K [0x0000000768000000, 0x0000000800000000)
  region size 32768K, 4 young (131072K), 1 survivors (32768K)
 Metaspace       used 52751K, capacity 53462K, committed 54528K, reserved 1097728K
  class space    used 5788K, capacity 5943K, committed 6144K, reserved 1048576K
}
Event: 245.608 GC heap after
{Heap after GC invocations=46 (full 0):
 garbage-first heap   total 917504K, used 310289K [0x0000000768000000, 0x0000000800000000)
  region size 32768K, 1 young (32768K), 1 survivors (32768K)
 Metaspace       used 52751K, capacity 53462K, committed 54528K, reserved 1097728K
  class space    used 5788K, capacity 5943K, committed 6144K, reserved 1048576K
}
Event: 255.683 GC heap before
{Heap before GC invocations=46 (full 0):
 garbage-first heap   total 917504K, used 408593K [0x0000000768000000, 0x0000000800000000)
  region size 32768K, 4 young (131072K), 1 survivors (32768K)
 Metaspace       used 52760K, capacity 53462K, committed 54528K, reserved 1097728K
  class space    used 5788K, capacity 5943K, committed 6144K, reserved 1048576K
}
Event: 255.684 GC heap after
{Heap after GC invocations=47 (full 0):
 garbage-first heap   total 917504K, used 310287K [0x0000000768000000, 0x0000000800000000)
  region size 32768K, 1 young (32768K), 1 survivors (32768K)
 Metaspace       used 52760K, capacity 53462K, committed 54528K, reserved 1097728K
  class space    used 5788K, capacity 5943K, committed 6144K, reserved 1048576K
}
Event: 265.784 GC heap before
{Heap before GC invocations=47 (full 0):
 garbage-first heap   total 917504K, used 408591K [0x0000000768000000, 0x0000000800000000)
  region size 32768K, 4 young (131072K), 1 survivors (32768K)
 Metaspace       used 52766K, capacity 53462K, committed 54528K, reserved 1097728K
  class space    used 5788K, capacity 5943K, committed 6144K, reserved 1048576K
}
Event: 265.785 GC heap after
{Heap after GC invocations=48 (full 0):
 garbage-first heap   total 917504K, used 310289K [0x0000000768000000, 0x0000000800000000)
  region size 32768K, 1 young (32768K), 1 survivors (32768K)
 Metaspace       used 52766K, capacity 53462K, committed 54528K, reserved 1097728K
  class space    used 5788K, capacity 5943K, committed 6144K, reserved 1048576K
}
Event: 275.870 GC heap before
{Heap before GC invocations=48 (full 0):
 garbage-first heap   total 917504K, used 408593K [0x0000000768000000, 0x0000000800000000)
  region size 32768K, 4 young (131072K), 1 survivors (32768K)
 Metaspace       used 52766K, capacity 53462K, committed 54528K, reserved 1097728K
  class space    used 5788K, capacity 5943K, committed 6144K, reserved 1048576K
}
Event: 275.871 GC heap after
{Heap after GC invocations=49 (full 0):
 garbage-first heap   total 917504K, used 310286K [0x0000000768000000, 0x0000000800000000)
  region size 32768K, 1 young (32768K), 1 survivors (32768K)
 Metaspace       used 52766K, capacity 53462K, committed 54528K, reserved 1097728K
  class space    used 5788K, capacity 5943K, committed 6144K, reserved 1048576K
}
Event: 286.011 GC heap before
{Heap before GC invocations=49 (full 0):
 garbage-first heap   total 917504K, used 408590K [0x0000000768000000, 0x0000000800000000)
  region size 32768K, 4 young (131072K), 1 survivors (32768K)
 Metaspace       used 52766K, capacity 53462K, committed 54528K, reserved 1097728K
  class space    used 5788K, capacity 5943K, committed 6144K, reserved 1048576K
}
Event: 286.012 GC heap after
{Heap after GC invocations=50 (full 0):
 garbage-first heap   total 917504K, used 310286K [0x0000000768000000, 0x0000000800000000)
  region size 32768K, 1 young (32768K), 1 survivors (32768K)
 Metaspace       used 52766K, capacity 53462K, committed 54528K, reserved 1097728K
  class space    used 5788K, capacity 5943K, committed 6144K, reserved 1048576K
}
Event: 296.103 GC heap before
{Heap before GC invocations=50 (full 0):
 garbage-first heap   total 917504K, used 408590K [0x0000000768000000, 0x0000000800000000)
  region size 32768K, 4 young (131072K), 1 survivors (32768K)
 Metaspace       used 52766K, capacity 53462K, committed 54528K, reserved 1097728K
  class space    used 5788K, capacity 5943K, committed 6144K, reserved 1048576K
}
Event: 296.104 GC heap after
{Heap after GC invocations=51 (full 0):
 garbage-first heap   total 917504K, used 310284K [0x0000000768000000, 0x0000000800000000)
  region size 32768K, 1 young (32768K), 1 survivors (32768K)
 Metaspace       used 52766K, capacity 53462K, committed 54528K, reserved 1097728K
  class space    used 5788K, capacity 5943K, committed 6144K, reserved 1048576K
}
Event: 306.194 GC heap before
{Heap before GC invocations=51 (full 0):
 garbage-first heap   total 917504K, used 408588K [0x0000000768000000, 0x0000000800000000)
  region size 32768K, 4 young (131072K), 1 survivors (32768K)
 Metaspace       used 52771K, capacity 53462K, committed 54528K, reserved 1097728K
  class space    used 5788K, capacity 5943K, committed 6144K, reserved 1048576K
}
Event: 306.196 GC heap after
{Heap after GC invocations=52 (full 0):
 garbage-first heap   total 917504K, used 310284K [0x0000000768000000, 0x0000000800000000)
  region size 32768K, 1 young (32768K), 1 survivors (32768K)
 Metaspace       used 52771K, capacity 53462K, committed 54528K, reserved 1097728K
  class space    used 5788K, capacity 5943K, committed 6144K, reserved 1048576K
}
Event: 312.287 GC heap before
{Heap before GC invocations=52 (full 0):
 garbage-first heap   total 917504K, used 375820K [0x0000000768000000, 0x0000000800000000)
  region size 32768K, 4 young (131072K), 1 survivors (32768K)
 Metaspace       used 52771K, capacity 53462K, committed 54528K, reserved 1097728K
  class space    used 5788K, capacity 5943K, committed 6144K, reserved 1048576K
}
Event: 312.289 GC heap after
{Heap after GC invocations=53 (full 0):
 garbage-first heap   total 917504K, used 310305K [0x0000000768000000, 0x0000000800000000)
  region size 32768K, 1 young (32768K), 1 survivors (32768K)
 Metaspace       used 52771K, capacity 53462K, committed 54528K, reserved 1097728K
  class space    used 5788K, capacity 5943K, committed 6144K, reserved 1048576K
}
Event: 312.759 GC heap before
{Heap before GC invocations=53 (full 0):
 garbage-first heap   total 917504K, used 375841K [0x0000000768000000, 0x0000000800000000)
  region size 32768K, 4 young (131072K), 1 survivors (32768K)
 Metaspace       used 52773K, capacity 53462K, committed 54528K, reserved 1097728K
  class space    used 5788K, capacity 5943K, committed 6144K, reserved 1048576K
}
Event: 312.760 GC heap after
{Heap after GC invocations=54 (full 0):
 garbage-first heap   total 917504K, used 310305K [0x0000000768000000, 0x0000000800000000)
  region size 32768K, 1 young (32768K), 1 survivors (32768K)
 Metaspace       used 52773K, capacity 53462K, committed 54528K, reserved 1097728K
  class space    used 5788K, capacity 5943K, committed 6144K, reserved 1048576K
}
Event: 316.846 GC heap before
{Heap before GC invocations=54 (full 0):
 garbage-first heap   total 917504K, used 408609K [0x0000000768000000, 0x0000000800000000)
  region size 32768K, 4 young (131072K), 1 survivors (32768K)
 Metaspace       used 52802K, capacity 53526K, committed 54528K, reserved 1097728K
  class space    used 5788K, capacity 5943K, committed 6144K, reserved 1048576K
}
Event: 316.850 GC heap after
{Heap after GC invocations=55 (full 0):
 garbage-first heap   total 917504K, used 310309K [0x0000000768000000, 0x0000000800000000)
  region size 32768K, 1 young (32768K), 1 survivors (32768K)
 Metaspace       used 52802K, capacity 53526K, committed 54528K, reserved 1097728K
  class space    used 5788K, capacity 5943K, committed 6144K, reserved 1048576K
}

